Starting deployment at Fri Aug  1 20:45:45 PDT 2025
Deployment ID: deploy-20250801-204545-65606
[0;34mℹ️  Checking AWS configuration...[0m
[0;32m✅ AWS Account ID: 335021149718[0m
[0;32m✅ Current Region: us-west-1[0m
[0;34mℹ️  Setting up deployment notifications...[0m
{
    "TopicArn": "arn:aws:sns:us-east-1:335021149718:ordernimbus-deployment-notifications"
}
[0;34mℹ️  Setting up Parameter Store values...[0m
{
    "Version": 1,
    "Tier": "Standard"
}
[0;32m✅ Created parameter: /ordernimbus/staging/database/master-username[0m
{
    "Version": 1,
    "Tier": "Standard"
}
[0;32m✅ Created parameter: /ordernimbus/staging/database/name[0m
{
    "Version": 1,
    "Tier": "Standard"
}
[0;32m✅ Created parameter: /ordernimbus/staging/api/cors-origins[0m
[0;34mℹ️  Creating S3 buckets...[0m
{
    "Location": "/ordernimbus-staging-frontend-assets"
}
[0;32m✅ Created bucket: ordernimbus-staging-frontend-assets[0m
[0;32m✅ Configured bucket: ordernimbus-staging-frontend-assets[0m
{
    "Location": "/ordernimbus-staging-data-lake"
}
[0;32m✅ Created bucket: ordernimbus-staging-data-lake[0m
[0;32m✅ Configured bucket: ordernimbus-staging-data-lake[0m
{
    "Location": "/ordernimbus-staging-logs"
}
[0;32m✅ Created bucket: ordernimbus-staging-logs[0m
[0;32m✅ Configured bucket: ordernimbus-staging-logs[0m
[0;34mℹ️  Deploying CDK stacks...[0m
[0;34mℹ️  Deploying stack: ordernimbus-staging-networking[0m
[0;34mℹ️  Stack ordernimbus-staging-networking does not exist, will create[0m
[WARNING] aws-cdk-lib.aws_ecs.ClusterProps#containerInsights is deprecated.
  See {@link containerInsightsV2 }
  This API will be removed in the next major release.
[WARNING] aws-cdk-lib.aws_ecs.CfnTaskDefinitionProps#inferenceAccelerators is deprecated.
  this property has been deprecated
  This API will be removed in the next major release.
[WARNING] aws-cdk-lib.aws_cloudfront_origins.S3Origin is deprecated.
  Use `S3BucketOrigin` or `S3StaticWebsiteOrigin` instead.
  This API will be removed in the next major release.
[WARNING] aws-cdk-lib.aws_cloudfront_origins.S3Origin is deprecated.
  Use `S3BucketOrigin` or `S3StaticWebsiteOrigin` instead.
  This API will be removed in the next major release.
[WARNING] aws-cdk-lib.aws_cloudfront_origins.S3Origin is deprecated.
  Use `S3BucketOrigin` or `S3StaticWebsiteOrigin` instead.
  This API will be removed in the next major release.
[WARNING] aws-cdk-lib.aws_cloudfront_origins.S3Origin is deprecated.
  Use `S3BucketOrigin` or `S3StaticWebsiteOrigin` instead.
  This API will be removed in the next major release.
[WARNING] aws-cdk-lib.aws_cloudfront_origins.S3Origin is deprecated.
  Use `S3BucketOrigin` or `S3StaticWebsiteOrigin` instead.
  This API will be removed in the next major release.
[WARNING] aws-cdk-lib.aws_cloudfront_origins.S3Origin#bind is deprecated.
  Use `S3BucketOrigin` or `S3StaticWebsiteOrigin` instead.
  This API will be removed in the next major release.
[WARNING] aws-cdk-lib.aws_cloudfront_origins.S3Origin#bind is deprecated.
  Use `S3BucketOrigin` or `S3StaticWebsiteOrigin` instead.
  This API will be removed in the next major release.
[WARNING] aws-cdk-lib.aws_cloudfront_origins.S3Origin#bind is deprecated.
  Use `S3BucketOrigin` or `S3StaticWebsiteOrigin` instead.
  This API will be removed in the next major release.
[WARNING] aws-cdk-lib.aws_cloudfront_origins.S3Origin#bind is deprecated.
  Use `S3BucketOrigin` or `S3StaticWebsiteOrigin` instead.
  This API will be removed in the next major release.
[WARNING] aws-cdk-lib.aws_cloudfront_origins.S3Origin#bind is deprecated.
  Use `S3BucketOrigin` or `S3StaticWebsiteOrigin` instead.
  This API will be removed in the next major release.
ValidationError: 'ordernimbus-staging-compute' depends on 'ordernimbus-staging-security' ({ordernimbus-staging-compute}.addDependency({ordernimbus-staging-database}), {ordernimbus-staging-database}.addDependency({ordernimbus-staging-security})). Adding this dependency (ordernimbus-staging-security -> ordernimbus-staging-compute/ALB/SecurityGroup/Resource.GroupId) would create a cyclic reference.
    at path [ordernimbus-staging-security] in aws-cdk-lib.Stack


NOTICES         (What's this? https://github.com/aws/aws-cdk/wiki/CLI-Notices)

34892	CDK CLI will collect telemetry data on command usage starting at version 2.1100.0 (unless opted out)

	Overview: We do not collect customer content and we anonymize the
	          telemetry we do collect. See the attached issue for more
	          information on what data is collected, why, and how to
	          opt-out. Telemetry will NOT be collected for any CDK CLI
	          version prior to version 2.1100.0 - regardless of
	          opt-in/out. You can also preview the telemetry we will start
	          collecting by logging it to a local file, by adding
	          `--unstable=telemetry --telemetry-file=my/local/file` to any
	          `cdk` command.

	Affected versions: cli: ^2.0.0

	More information at: https://github.com/aws/aws-cdk/issues/34892


If you don’t want to see a notice anymore, use "cdk acknowledge <id>". For example, "cdk acknowledge 34892".
npx ts-node --prefer-ts-exts bin/forecasting-platform.ts: Subprocess exited with error 1
grep: invalid option -- P
usage: grep [-abcdDEFGHhIiJLlMmnOopqRSsUVvwXxZz] [-A num] [-B num] [-C[num]]
	[-e pattern] [-f file] [--binary-files=value] [--color=when]
	[--context[=num]] [--directories=action] [--label] [--line-buffered]
	[--null] [pattern] [file ...]
[0;31m❌ Deployment failed at line 520 with exit code 1[0m
[0;31m❌ Context: Stack deployment failed: ordernimbus-staging-networking[0m

[0;35m🔄 INITIATING AUTOMATIC ROLLBACK[0m
=========================================
[1;33mDeleting created S3 buckets...[0m
[1;33mDeleting created parameters...[0m
[0;32m✅ Rollback completed successfully[0m

[0;35m📋 ERROR REPORT[0m
=========================================

=========================================
Error Context: CDK deployment failed for stack: ordernimbus-staging-networking
Error Code: 1
Timestamp: 2025-08-02T03:46:29Z
=========================================

Recent CloudWatch Logs:

An error occurred (ResourceNotFoundException) when calling the FilterLogEvents operation: The specified log group does not exist.
2025-08-01 20:46:30 - ERROR: Deployment failed at line 520 with exit code 1
2025-08-01 20:46:30 - ERROR: Context: Stack deployment failed: ordernimbus-staging-networking
=========================================
Error Context: Stack deployment failed: ordernimbus-staging-networking
Error Code: 1
Timestamp: 2025-08-02T03:46:30Z
=========================================

Recent CloudWatch Logs:

An error occurred (ResourceNotFoundException) when calling the FilterLogEvents operation: The specified log group does not exist.

[1;33mDetailed logs available at:[0m
  - Transaction log: /tmp/deploy-20250801-204545-65606-transaction.log
  - Rollback log: /tmp/deploy-20250801-204545-65606-rollback.log
  - Error report: /tmp/deploy-20250801-204545-65606-error-report.txt
  - Deployment state: /tmp/deploy-20250801-204545-65606-state.json
