Starting deployment at Fri Aug  1 21:28:11 PDT 2025
Deployment ID: deploy-20250801-212811-74304
[0;34mℹ️  Checking AWS configuration...[0m
[0;32m✅ AWS Account ID: 335021149718[0m
[0;32m✅ Current Region: us-west-1[0m
[0;34mℹ️  Setting up deployment notifications...[0m
{
    "TopicArn": "arn:aws:sns:us-west-1:335021149718:ordernimbus-deployment-notifications"
}
[0;34mℹ️  Setting up Parameter Store values...[0m
{
    "Version": 1,
    "Tier": "Standard"
}
[0;32m✅ Created parameter: /ordernimbus/staging/database/master-username[0m
{
    "Version": 1,
    "Tier": "Standard"
}
[0;32m✅ Created parameter: /ordernimbus/staging/database/name[0m
{
    "Version": 1,
    "Tier": "Standard"
}
[0;32m✅ Created parameter: /ordernimbus/staging/api/cors-origins[0m
[0;34mℹ️  Creating S3 buckets...[0m

An error occurred (OperationAborted) when calling the CreateBucket operation: A conflicting conditional operation is currently in progress against this resource. Please try again.
[0;31m❌ Deployment failed at line 504 with exit code 1[0m
[0;31m❌ Context: S3 bucket creation failed: ordernimbus-staging-frontend-assets[0m

[0;35m🔄 INITIATING AUTOMATIC ROLLBACK[0m
=========================================
[1;33mDeleting created parameters...[0m
[0;32m✅ Rollback completed successfully[0m

[0;35m📋 ERROR REPORT[0m
=========================================

=========================================
Error Context: Failed to create bucket: ordernimbus-staging-frontend-assets
Error Code: 254
Timestamp: 2025-08-02T04:28:26Z
=========================================

Recent CloudWatch Logs:

An error occurred (ResourceNotFoundException) when calling the FilterLogEvents operation: The specified log group does not exist.
2025-08-01 21:28:27 - ERROR: Deployment failed at line 504 with exit code 1
2025-08-01 21:28:27 - ERROR: Context: S3 bucket creation failed: ordernimbus-staging-frontend-assets
=========================================
Error Context: S3 bucket creation failed: ordernimbus-staging-frontend-assets
Error Code: 1
Timestamp: 2025-08-02T04:28:27Z
=========================================

Recent CloudWatch Logs:

An error occurred (ResourceNotFoundException) when calling the FilterLogEvents operation: The specified log group does not exist.

[1;33mDetailed logs available at:[0m
  - Transaction log: /tmp/deploy-20250801-212811-74304-transaction.log
  - Rollback log: /tmp/deploy-20250801-212811-74304-rollback.log
  - Error report: /tmp/deploy-20250801-212811-74304-error-report.txt
  - Deployment state: /tmp/deploy-20250801-212811-74304-state.json
